<?xml version="1.0" encoding="UTF-8"?>
<robot generator="Robot 3.1.1 (Python 3.8.2 on linux)" generated="20200414 13:04:23.275" rpa="false">
<suite id="s1" name="Ssrs1 Daniel" source="/home/vadis/.nextcloud/iths/iths-projekt/SSRS-Drone-Launcher-Beta/test/manual/ssrs1_daniel.robot">
<test id="s1-t1" name="Pitch Up">
<kw name="Begin Web Test" type="setup">
<kw name="Run Process" library="Process">
<doc>Runs a process and waits for it to complete.</doc>
<arguments>
<arg>./ssrs1_daniel_start_server.sh</arg>
<arg>shell=yes</arg>
</arguments>
<msg timestamp="20200414 13:04:23.369" level="INFO">Starting process:
./ssrs1_daniel_start_server.sh</msg>
<msg timestamp="20200414 13:04:23.371" level="INFO">Waiting for process to complete.</msg>
<status status="FAIL" starttime="20200414 13:04:23.369" endtime="20200414 13:06:33.264"></status>
</kw>
<status status="FAIL" starttime="20200414 13:04:23.368" endtime="20200414 13:06:33.264"></status>
</kw>
<kw name="End Web Test" type="teardown">
<kw name="Close Browser" library="SeleniumLibrary">
<doc>Closes the current browser.</doc>
<status status="PASS" starttime="20200414 13:06:33.265" endtime="20200414 13:06:33.265"></status>
</kw>
<status status="PASS" starttime="20200414 13:06:33.265" endtime="20200414 13:06:33.265"></status>
</kw>
<doc>Clicking the pitch:up button</doc>
<tags>
<tag>pitch_up</tag>
</tags>
<status status="FAIL" starttime="20200414 13:04:23.368" endtime="20200414 13:06:33.266" critical="yes">Setup failed:
Execution terminated by signal</status>
</test>
<test id="s1-t2" name="Pitch Down">
<doc>Clicking the pitch:up button</doc>
<tags>
<tag>pitch_up</tag>
<tag>robot:exit</tag>
</tags>
<status status="FAIL" starttime="20200414 13:06:33.266" endtime="20200414 13:06:33.267" critical="yes">Test execution stopped due to a fatal error.</status>
</test>
<test id="s1-t3" name="Pitch Value">
<doc>Clicking the pitch:up button</doc>
<tags>
<tag>pitch_up</tag>
<tag>robot:exit</tag>
</tags>
<status status="FAIL" starttime="20200414 13:06:33.267" endtime="20200414 13:06:33.267" critical="yes">Test execution stopped due to a fatal error.</status>
</test>
<doc>Global documentation</doc>
<status status="FAIL" starttime="20200414 13:04:23.275" endtime="20200414 13:06:33.268"></status>
</suite>
<statistics>
<total>
<stat pass="0" fail="3">Critical Tests</stat>
<stat pass="0" fail="3">All Tests</stat>
</total>
<tag>
<stat pass="0" fail="1" info="combined" combined="NOT robot:exit">NOT robot:exit</stat>
<stat pass="0" fail="3">pitch_up</stat>
<stat pass="0" fail="2">robot:exit</stat>
</tag>
<suite>
<stat pass="0" fail="3" id="s1" name="Ssrs1 Daniel">Ssrs1 Daniel</stat>
</suite>
</statistics>
<errors>
</errors>
</robot>
