<?xml version="1.0" encoding="UTF-8"?>
<robot generator="Robot 3.1.1 (Python 3.8.2 on linux)" generated="20200415 09:35:01.589" rpa="false">
<suite id="s1" name="Ssrs1 Daniel" source="/home/vadis/.nextcloud/iths/iths-projekt/SSRS-Drone-Launcher-Beta/test/manual/ssrs1_daniel.robot">
<test id="s1-t1" name="Pitch Up">
<kw name="Begin Web Test" type="setup">
<kw name="Start Process" library="Process">
<doc>Starts a new process on background.</doc>
<arguments>
<arg>./ssrs1_daniel_start_server.sh</arg>
<arg>shell=yes</arg>
</arguments>
<msg timestamp="20200415 09:35:01.683" level="INFO">Starting process:
./ssrs1_daniel_start_server.sh</msg>
<status status="PASS" starttime="20200415 09:35:01.682" endtime="20200415 09:35:01.685"></status>
</kw>
<kw name="Open Browser" library="SeleniumLibrary">
<doc>Opens a new browser instance to the optional ``url``.</doc>
<arguments>
<arg>${URL}</arg>
<arg>${BROWSER}</arg>
</arguments>
<msg timestamp="20200415 09:35:01.685" level="INFO">Opening browser 'firefox' to base url 'http://192.168.0.4:5000'.</msg>
<msg timestamp="20200415 09:35:01.685" level="INFO">Firefox driver log is always forced to to: /home/vadis/.nextcloud/iths/iths-projekt/SSRS-Drone-Launcher-Beta/test/manual/results/geckodriver-1.log</msg>
<status status="PASS" starttime="20200415 09:35:01.685" endtime="20200415 09:35:03.195"></status>
</kw>
<kw name="Maximize Browser Window" library="SeleniumLibrary">
<doc>Maximizes current browser window.</doc>
<status status="PASS" starttime="20200415 09:35:03.195" endtime="20200415 09:35:03.485"></status>
</kw>
<status status="PASS" starttime="20200415 09:35:01.682" endtime="20200415 09:35:03.485"></status>
</kw>
<kw name="Given Server Is Up">
<kw name="Wait Until Page Contains Element" library="SeleniumLibrary">
<doc>Waits until the element ``locator`` appears on the current page.</doc>
<arguments>
<arg>xpath://button[@id="script_pitch_up"]</arg>
</arguments>
<status status="PASS" starttime="20200415 09:35:03.486" endtime="20200415 09:35:03.490"></status>
</kw>
<kw name="Page Should Contain" library="SeleniumLibrary">
<doc>Verifies that current page contains ``text``.</doc>
<arguments>
<arg>Pitch</arg>
</arguments>
<msg timestamp="20200415 09:35:03.495" level="INFO">Current page contains text 'Pitch'.</msg>
<status status="PASS" starttime="20200415 09:35:03.490" endtime="20200415 09:35:03.495"></status>
</kw>
<kw name="Click Button" library="SeleniumLibrary">
<doc>Clicks the button identified by ``locator``.</doc>
<arguments>
<arg>xpath://button[@id="script_reset_encoders"]</arg>
</arguments>
<msg timestamp="20200415 09:35:03.495" level="INFO">Clicking button 'xpath://button[@id="script_reset_encoders"]'.</msg>
<status status="PASS" starttime="20200415 09:35:03.495" endtime="20200415 09:35:03.714"></status>
</kw>
<status status="PASS" starttime="20200415 09:35:03.486" endtime="20200415 09:35:03.714"></status>
</kw>
<kw name="When User Clicks Button Pitch Up">
<kw name="Click Button" library="SeleniumLibrary">
<doc>Clicks the button identified by ``locator``.</doc>
<arguments>
<arg>xpath://button[@id="script_pitch_up"]</arg>
</arguments>
<msg timestamp="20200415 09:35:03.715" level="INFO">Clicking button 'xpath://button[@id="script_pitch_up"]'.</msg>
<status status="PASS" starttime="20200415 09:35:03.715" endtime="20200415 09:35:03.934"></status>
</kw>
<status status="PASS" starttime="20200415 09:35:03.715" endtime="20200415 09:35:03.934"></status>
</kw>
<kw name="Then User Expects The Pitch To Increase">
<kw name="Page Should Contain" library="SeleniumLibrary">
<doc>Verifies that current page contains ``text``.</doc>
<arguments>
<arg>Pitch</arg>
</arguments>
<msg timestamp="20200415 09:35:03.940" level="INFO">Current page contains text 'Pitch'.</msg>
<status status="PASS" starttime="20200415 09:35:03.934" endtime="20200415 09:35:03.940"></status>
</kw>
<status status="PASS" starttime="20200415 09:35:03.934" endtime="20200415 09:35:03.940"></status>
</kw>
<kw name="End Web Test" type="teardown">
<kw name="Terminate Process" library="Process">
<doc>Stops the process gracefully or forcefully.</doc>
<msg timestamp="20200415 09:35:03.940" level="INFO">Gracefully terminating process.</msg>
<msg timestamp="20200415 09:35:04.041" level="INFO">Process completed.</msg>
<status status="PASS" starttime="20200415 09:35:03.940" endtime="20200415 09:35:04.041"></status>
</kw>
<kw name="Close Browser" library="SeleniumLibrary">
<doc>Closes the current browser.</doc>
<status status="PASS" starttime="20200415 09:35:04.041" endtime="20200415 09:35:05.518"></status>
</kw>
<status status="PASS" starttime="20200415 09:35:03.940" endtime="20200415 09:35:05.518"></status>
</kw>
<doc>Clicking the pitch up button</doc>
<tags>
<tag>pitch_up</tag>
</tags>
<status status="PASS" starttime="20200415 09:35:01.682" endtime="20200415 09:35:05.518" critical="yes"></status>
</test>
<test id="s1-t2" name="Pitch Down">
<kw name="Begin Web Test" type="setup">
<kw name="Start Process" library="Process">
<doc>Starts a new process on background.</doc>
<arguments>
<arg>./ssrs1_daniel_start_server.sh</arg>
<arg>shell=yes</arg>
</arguments>
<msg timestamp="20200415 09:35:05.519" level="INFO">Starting process:
./ssrs1_daniel_start_server.sh</msg>
<status status="PASS" starttime="20200415 09:35:05.519" endtime="20200415 09:35:05.521"></status>
</kw>
<kw name="Open Browser" library="SeleniumLibrary">
<doc>Opens a new browser instance to the optional ``url``.</doc>
<arguments>
<arg>${URL}</arg>
<arg>${BROWSER}</arg>
</arguments>
<msg timestamp="20200415 09:35:05.522" level="INFO">Opening browser 'firefox' to base url 'http://192.168.0.4:5000'.</msg>
<msg timestamp="20200415 09:35:05.522" level="INFO">Firefox driver log is always forced to to: /home/vadis/.nextcloud/iths/iths-projekt/SSRS-Drone-Launcher-Beta/test/manual/results/geckodriver-2.log</msg>
<status status="PASS" starttime="20200415 09:35:05.522" endtime="20200415 09:35:08.024"></status>
</kw>
<kw name="Maximize Browser Window" library="SeleniumLibrary">
<doc>Maximizes current browser window.</doc>
<status status="PASS" starttime="20200415 09:35:08.025" endtime="20200415 09:35:08.335"></status>
</kw>
<status status="PASS" starttime="20200415 09:35:05.519" endtime="20200415 09:35:08.336"></status>
</kw>
<kw name="Given Server Is Up">
<kw name="Wait Until Page Contains Element" library="SeleniumLibrary">
<doc>Waits until the element ``locator`` appears on the current page.</doc>
<arguments>
<arg>xpath://button[@id="script_pitch_up"]</arg>
</arguments>
<status status="PASS" starttime="20200415 09:35:08.336" endtime="20200415 09:35:08.342"></status>
</kw>
<kw name="Page Should Contain" library="SeleniumLibrary">
<doc>Verifies that current page contains ``text``.</doc>
<arguments>
<arg>Pitch</arg>
</arguments>
<msg timestamp="20200415 09:35:08.349" level="INFO">Current page contains text 'Pitch'.</msg>
<status status="PASS" starttime="20200415 09:35:08.342" endtime="20200415 09:35:08.349"></status>
</kw>
<kw name="Click Button" library="SeleniumLibrary">
<doc>Clicks the button identified by ``locator``.</doc>
<arguments>
<arg>xpath://button[@id="script_reset_encoders"]</arg>
</arguments>
<msg timestamp="20200415 09:35:08.349" level="INFO">Clicking button 'xpath://button[@id="script_reset_encoders"]'.</msg>
<status status="PASS" starttime="20200415 09:35:08.349" endtime="20200415 09:35:08.571"></status>
</kw>
<status status="PASS" starttime="20200415 09:35:08.336" endtime="20200415 09:35:08.571"></status>
</kw>
<kw name="When User Clicks Button Pitch Down">
<kw name="Click Button" library="SeleniumLibrary">
<doc>Clicks the button identified by ``locator``.</doc>
<arguments>
<arg>xpath://button[@id="script_pitch_down"]</arg>
</arguments>
<msg timestamp="20200415 09:35:08.572" level="INFO">Clicking button 'xpath://button[@id="script_pitch_down"]'.</msg>
<status status="PASS" starttime="20200415 09:35:08.572" endtime="20200415 09:35:08.785"></status>
</kw>
<status status="PASS" starttime="20200415 09:35:08.571" endtime="20200415 09:35:08.785"></status>
</kw>
<kw name="Then User Expects The Pitch To Decrease">
<kw name="Page Should Contain" library="SeleniumLibrary">
<doc>Verifies that current page contains ``text``.</doc>
<arguments>
<arg>Pitch</arg>
</arguments>
<msg timestamp="20200415 09:35:08.790" level="INFO">Current page contains text 'Pitch'.</msg>
<status status="PASS" starttime="20200415 09:35:08.785" endtime="20200415 09:35:08.790"></status>
</kw>
<status status="PASS" starttime="20200415 09:35:08.785" endtime="20200415 09:35:08.790"></status>
</kw>
<kw name="End Web Test" type="teardown">
<kw name="Terminate Process" library="Process">
<doc>Stops the process gracefully or forcefully.</doc>
<msg timestamp="20200415 09:35:08.791" level="INFO">Gracefully terminating process.</msg>
<msg timestamp="20200415 09:35:08.891" level="INFO">Process completed.</msg>
<status status="PASS" starttime="20200415 09:35:08.790" endtime="20200415 09:35:08.891"></status>
</kw>
<kw name="Close Browser" library="SeleniumLibrary">
<doc>Closes the current browser.</doc>
<status status="PASS" starttime="20200415 09:35:08.891" endtime="20200415 09:35:10.342"></status>
</kw>
<status status="PASS" starttime="20200415 09:35:08.790" endtime="20200415 09:35:10.342"></status>
</kw>
<doc>Clicking the pitch down button</doc>
<tags>
<tag>pitch_down</tag>
</tags>
<status status="PASS" starttime="20200415 09:35:05.519" endtime="20200415 09:35:10.342" critical="yes"></status>
</test>
<test id="s1-t3" name="Pitch Value">
<kw name="Begin Web Test" type="setup">
<kw name="Start Process" library="Process">
<doc>Starts a new process on background.</doc>
<arguments>
<arg>./ssrs1_daniel_start_server.sh</arg>
<arg>shell=yes</arg>
</arguments>
<msg timestamp="20200415 09:35:10.343" level="INFO">Starting process:
./ssrs1_daniel_start_server.sh</msg>
<status status="PASS" starttime="20200415 09:35:10.343" endtime="20200415 09:35:10.346"></status>
</kw>
<kw name="Open Browser" library="SeleniumLibrary">
<doc>Opens a new browser instance to the optional ``url``.</doc>
<arguments>
<arg>${URL}</arg>
<arg>${BROWSER}</arg>
</arguments>
<msg timestamp="20200415 09:35:10.347" level="INFO">Opening browser 'firefox' to base url 'http://192.168.0.4:5000'.</msg>
<msg timestamp="20200415 09:35:10.347" level="INFO">Firefox driver log is always forced to to: /home/vadis/.nextcloud/iths/iths-projekt/SSRS-Drone-Launcher-Beta/test/manual/results/geckodriver-3.log</msg>
<status status="PASS" starttime="20200415 09:35:10.346" endtime="20200415 09:35:12.860"></status>
</kw>
<kw name="Maximize Browser Window" library="SeleniumLibrary">
<doc>Maximizes current browser window.</doc>
<status status="PASS" starttime="20200415 09:35:12.861" endtime="20200415 09:35:13.174"></status>
</kw>
<status status="PASS" starttime="20200415 09:35:10.343" endtime="20200415 09:35:13.175"></status>
</kw>
<kw name="Given Server Is Up">
<kw name="Wait Until Page Contains Element" library="SeleniumLibrary">
<doc>Waits until the element ``locator`` appears on the current page.</doc>
<arguments>
<arg>xpath://button[@id="script_pitch_up"]</arg>
</arguments>
<status status="PASS" starttime="20200415 09:35:13.176" endtime="20200415 09:35:13.183"></status>
</kw>
<kw name="Page Should Contain" library="SeleniumLibrary">
<doc>Verifies that current page contains ``text``.</doc>
<arguments>
<arg>Pitch</arg>
</arguments>
<msg timestamp="20200415 09:35:13.189" level="INFO">Current page contains text 'Pitch'.</msg>
<status status="PASS" starttime="20200415 09:35:13.183" endtime="20200415 09:35:13.189"></status>
</kw>
<kw name="Click Button" library="SeleniumLibrary">
<doc>Clicks the button identified by ``locator``.</doc>
<arguments>
<arg>xpath://button[@id="script_reset_encoders"]</arg>
</arguments>
<msg timestamp="20200415 09:35:13.189" level="INFO">Clicking button 'xpath://button[@id="script_reset_encoders"]'.</msg>
<status status="PASS" starttime="20200415 09:35:13.189" endtime="20200415 09:35:13.408"></status>
</kw>
<status status="PASS" starttime="20200415 09:35:13.175" endtime="20200415 09:35:13.408"></status>
</kw>
<kw name="When User Enters Value In Field">
<kw name="Click Element" library="SeleniumLibrary">
<doc>Click the element identified by ``locator``.</doc>
<arguments>
<arg>xpath://input[@class="form-2" and @name="pitch_position"]</arg>
</arguments>
<msg timestamp="20200415 09:35:13.409" level="INFO">Clicking element 'xpath://input[@class="form-2" and @name="pitch_position"]'.</msg>
<status status="PASS" starttime="20200415 09:35:13.409" endtime="20200415 09:35:13.621"></status>
</kw>
<kw name="Input Text" library="SeleniumLibrary">
<doc>Types the given ``text`` into the text field identified by ``locator``.</doc>
<arguments>
<arg>xpath://input[@class="form-2" and @name="pitch_position"]</arg>
<arg>23</arg>
</arguments>
<msg timestamp="20200415 09:35:13.622" level="INFO">Typing text '23' into text field 'xpath://input[@class="form-2" and @name="pitch_position"]'.</msg>
<status status="PASS" starttime="20200415 09:35:13.622" endtime="20200415 09:35:13.640"></status>
</kw>
<kw name="Click Button" library="SeleniumLibrary">
<doc>Clicks the button identified by ``locator``.</doc>
<arguments>
<arg>xpath://button[@id="script_pitch_position"]</arg>
</arguments>
<msg timestamp="20200415 09:35:13.640" level="INFO">Clicking button 'xpath://button[@id="script_pitch_position"]'.</msg>
<status status="PASS" starttime="20200415 09:35:13.640" endtime="20200415 09:35:13.855"></status>
</kw>
<status status="PASS" starttime="20200415 09:35:13.409" endtime="20200415 09:35:13.855"></status>
</kw>
<kw name="Then User Expects The Pitch To Change">
<kw name="Page Should Contain" library="SeleniumLibrary">
<doc>Verifies that current page contains ``text``.</doc>
<arguments>
<arg>Pitch</arg>
</arguments>
<msg timestamp="20200415 09:35:13.860" level="INFO">Current page contains text 'Pitch'.</msg>
<status status="PASS" starttime="20200415 09:35:13.856" endtime="20200415 09:35:13.860"></status>
</kw>
<status status="PASS" starttime="20200415 09:35:13.856" endtime="20200415 09:35:13.860"></status>
</kw>
<kw name="End Web Test" type="teardown">
<kw name="Terminate Process" library="Process">
<doc>Stops the process gracefully or forcefully.</doc>
<msg timestamp="20200415 09:35:13.860" level="INFO">Gracefully terminating process.</msg>
<msg timestamp="20200415 09:35:13.960" level="INFO">Process completed.</msg>
<status status="PASS" starttime="20200415 09:35:13.860" endtime="20200415 09:35:13.960"></status>
</kw>
<kw name="Close Browser" library="SeleniumLibrary">
<doc>Closes the current browser.</doc>
<status status="PASS" starttime="20200415 09:35:13.961" endtime="20200415 09:35:14.423"></status>
</kw>
<status status="PASS" starttime="20200415 09:35:13.860" endtime="20200415 09:35:14.423"></status>
</kw>
<doc>Change pitch value then press GO!</doc>
<tags>
<tag>pitch_value</tag>
</tags>
<status status="PASS" starttime="20200415 09:35:10.342" endtime="20200415 09:35:14.423" critical="yes"></status>
</test>
<test id="s1-t4" name="Another Test">
<kw name="Begin Web Test" type="setup">
<kw name="Start Process" library="Process">
<doc>Starts a new process on background.</doc>
<arguments>
<arg>./ssrs1_daniel_start_server.sh</arg>
<arg>shell=yes</arg>
</arguments>
<msg timestamp="20200415 09:35:14.424" level="INFO">Starting process:
./ssrs1_daniel_start_server.sh</msg>
<status status="PASS" starttime="20200415 09:35:14.424" endtime="20200415 09:35:14.426"></status>
</kw>
<kw name="Open Browser" library="SeleniumLibrary">
<doc>Opens a new browser instance to the optional ``url``.</doc>
<arguments>
<arg>${URL}</arg>
<arg>${BROWSER}</arg>
</arguments>
<msg timestamp="20200415 09:35:14.427" level="INFO">Opening browser 'firefox' to base url 'http://192.168.0.4:5000'.</msg>
<msg timestamp="20200415 09:35:14.427" level="INFO">Firefox driver log is always forced to to: /home/vadis/.nextcloud/iths/iths-projekt/SSRS-Drone-Launcher-Beta/test/manual/results/geckodriver-4.log</msg>
<status status="PASS" starttime="20200415 09:35:14.426" endtime="20200415 09:35:17.051"></status>
</kw>
<kw name="Maximize Browser Window" library="SeleniumLibrary">
<doc>Maximizes current browser window.</doc>
<status status="PASS" starttime="20200415 09:35:17.051" endtime="20200415 09:35:17.338"></status>
</kw>
<status status="PASS" starttime="20200415 09:35:14.424" endtime="20200415 09:35:17.338"></status>
</kw>
<kw name="Return Ip" library="drone_library">
<assign>
<var>${URL}</var>
</assign>
<msg timestamp="20200415 09:35:17.340" level="INFO">192.168.0.4</msg>
<msg timestamp="20200415 09:35:17.340" level="INFO">${URL} = None</msg>
<status status="PASS" starttime="20200415 09:35:17.339" endtime="20200415 09:35:17.340"></status>
</kw>
<kw name="Hello" library="drone_library">
<arguments>
<arg>world</arg>
</arguments>
<msg timestamp="20200415 09:35:17.340" level="INFO">Hello, world!</msg>
<status status="PASS" starttime="20200415 09:35:17.340" endtime="20200415 09:35:17.340"></status>
</kw>
<kw name="Return Ip" library="drone_library">
<assign>
<var>${VARIABLE}</var>
</assign>
<msg timestamp="20200415 09:35:17.341" level="INFO">192.168.0.4</msg>
<msg timestamp="20200415 09:35:17.341" level="INFO">${VARIABLE} = None</msg>
<status status="PASS" starttime="20200415 09:35:17.340" endtime="20200415 09:35:17.341"></status>
</kw>
<kw name="End Web Test" type="teardown">
<kw name="Terminate Process" library="Process">
<doc>Stops the process gracefully or forcefully.</doc>
<msg timestamp="20200415 09:35:17.342" level="INFO">Gracefully terminating process.</msg>
<msg timestamp="20200415 09:35:17.442" level="INFO">Process completed.</msg>
<status status="PASS" starttime="20200415 09:35:17.342" endtime="20200415 09:35:17.443"></status>
</kw>
<kw name="Close Browser" library="SeleniumLibrary">
<doc>Closes the current browser.</doc>
<status status="PASS" starttime="20200415 09:35:17.443" endtime="20200415 09:35:17.919"></status>
</kw>
<status status="PASS" starttime="20200415 09:35:17.341" endtime="20200415 09:35:17.919"></status>
</kw>
<doc>Nonsens!</doc>
<tags>
<tag>nonsens</tag>
</tags>
<status status="PASS" starttime="20200415 09:35:14.424" endtime="20200415 09:35:17.919" critical="yes"></status>
</test>
<doc>Global documentation</doc>
<status status="PASS" starttime="20200415 09:35:01.590" endtime="20200415 09:35:17.920"></status>
</suite>
<statistics>
<total>
<stat pass="4" fail="0">Critical Tests</stat>
<stat pass="4" fail="0">All Tests</stat>
</total>
<tag>
<stat pass="1" fail="0">nonsens</stat>
<stat pass="1" fail="0">pitch_down</stat>
<stat pass="1" fail="0">pitch_up</stat>
<stat pass="1" fail="0">pitch_value</stat>
</tag>
<suite>
<stat pass="4" fail="0" id="s1" name="Ssrs1 Daniel">Ssrs1 Daniel</stat>
</suite>
</statistics>
<errors>
</errors>
</robot>
