<?xml version="1.0" encoding="UTF-8"?>
<robot generator="Robot 3.1.2 (Python 3.8.2 on win32)" generated="20200519 20:46:52.012" rpa="false">
<suite id="s1" name="Results &amp; Rotate">
<suite id="s1-s1" name="Results" source="C:\Bobi\Projekts\PycharmProjects\SSRS-Drone-Launcher-Beta\test\manual\robot\Results">
<status status="PASS" starttime="20200519 20:46:52.063" endtime="20200519 20:46:52.066"></status>
</suite>
<suite id="s1-s2" name="Rotate" source="C:\Bobi\Projekts\PycharmProjects\SSRS-Drone-Launcher-Beta\test\manual\robot\rotate.robot">
<kw name="Begin Web Test" type="setup">
<kw name="Open Browser" library="SeleniumLibrary">
<doc>Opens a new browser instance to the optional ``url``.</doc>
<arguments>
<arg>${URL}</arg>
<arg>${BROWSER}</arg>
</arguments>
<msg timestamp="20200519 20:46:52.831" level="FAIL">Variable '${URL}' not found.</msg>
<status status="FAIL" starttime="20200519 20:46:52.827" endtime="20200519 20:46:52.831"></status>
</kw>
<status status="FAIL" starttime="20200519 20:46:52.826" endtime="20200519 20:46:52.831"></status>
</kw>
<test id="s1-s2-t1" name="Roatate To The Right">
<doc>Clicking the Roatate to the Right</doc>
<tags>
<tag>Rotation_Right</tag>
</tags>
<status status="FAIL" starttime="20200519 20:46:52.832" endtime="20200519 20:46:52.835" critical="yes">Parent suite setup failed:
Variable '${URL}' not found.</status>
</test>
<test id="s1-s2-t2" name="Roatate To The Left">
<doc>Clicking the Roatation_Left button</doc>
<tags>
<tag>Roatate_Left</tag>
</tags>
<status status="FAIL" starttime="20200519 20:46:52.863" endtime="20200519 20:46:52.873" critical="yes">Parent suite setup failed:
Variable '${URL}' not found.</status>
</test>
<test id="s1-s2-t3" name="Rotation Value">
<doc>Change Roatation value then press GO!</doc>
<tags>
<tag>Roatateion_value</tag>
</tags>
<status status="FAIL" starttime="20200519 20:46:52.890" endtime="20200519 20:46:52.925" critical="yes">Parent suite setup failed:
Variable '${URL}' not found.</status>
</test>
<test id="s1-s2-t4" name="Rotation Value change manuly up">
<doc>Change Roatation value manualy by pressing upp arrow in textfield then press GO!</doc>
<tags>
<tag>Roatateion_value manualy changing</tag>
</tags>
<status status="FAIL" starttime="20200519 20:46:52.944" endtime="20200519 20:46:52.958" critical="yes">Parent suite setup failed:
Variable '${URL}' not found.</status>
</test>
<test id="s1-s2-t5" name="Rotation Value change manuly down">
<doc>Change Roatation value manualy by pressing upp arrow in textfield then press GO!</doc>
<tags>
<tag>Roatateion_value manualy changing</tag>
</tags>
<status status="FAIL" starttime="20200519 20:46:52.979" endtime="20200519 20:46:52.990" critical="yes">Parent suite setup failed:
Variable '${URL}' not found.</status>
</test>
<kw name="End Web Test" type="teardown">
<kw name="Close Browser" library="SeleniumLibrary">
<doc>Closes the current browser.</doc>
<status status="PASS" starttime="20200519 20:46:53.009" endtime="20200519 20:46:53.010"></status>
</kw>
<status status="PASS" starttime="20200519 20:46:53.007" endtime="20200519 20:46:53.010"></status>
</kw>
<doc>Global documentation</doc>
<status status="FAIL" starttime="20200519 20:46:52.067" endtime="20200519 20:46:53.010">Suite setup failed:
Variable '${URL}' not found.</status>
</suite>
<status status="FAIL" starttime="20200519 20:46:52.016" endtime="20200519 20:46:53.023"></status>
</suite>
<statistics>
<total>
<stat pass="0" fail="5">Critical Tests</stat>
<stat pass="0" fail="5">All Tests</stat>
</total>
<tag>
<stat pass="0" fail="1">Roatateion_value</stat>
<stat pass="0" fail="2">Roatateion_value manualy changing</stat>
<stat pass="0" fail="1">Roatate_Left</stat>
<stat pass="0" fail="1">Rotation_Right</stat>
</tag>
<suite>
<stat pass="0" fail="5" id="s1" name="Results &amp; Rotate">Results &amp; Rotate</stat>
<stat pass="0" fail="0" id="s1-s1" name="Results">Results &amp; Rotate.Results</stat>
<stat pass="0" fail="5" id="s1-s2" name="Rotate">Results &amp; Rotate.Rotate</stat>
</suite>
</statistics>
<errors>
</errors>
</robot>
