<?xml version="1.0" encoding="UTF-8"?>
<robot generator="Robot 3.1.1 (Python 3.8.2 on linux)" generated="20200416 14:34:02.457" rpa="false">
<suite id="s1" name="Ssrs1 Daniel" source="/home/vadis/.nextcloud/iths/iths-projekt/SSRS-Drone-Launcher-Beta/test/manual/robot/ssrs1_daniel.robot">
<test id="s1-t1" name="Pitch Up">
<kw name="Begin Web Test" type="setup">
<kw name="Start Process" library="Process">
<doc>Starts a new process on background.</doc>
<arguments>
<arg>./ssrs1_daniel_start_server.sh</arg>
<arg>shell=yes</arg>
</arguments>
<msg timestamp="20200416 14:34:02.558" level="INFO">Starting process:
./ssrs1_daniel_start_server.sh</msg>
<status status="PASS" starttime="20200416 14:34:02.558" endtime="20200416 14:34:02.560"></status>
</kw>
<kw name="Open Browser" library="SeleniumLibrary">
<doc>Opens a new browser instance to the optional ``url``.</doc>
<arguments>
<arg>${URL}</arg>
<arg>${BROWSER}</arg>
</arguments>
<msg timestamp="20200416 14:34:02.560" level="INFO">Opening browser 'firefox' to base url 'http://192.168.0.4:5000'.</msg>
<msg timestamp="20200416 14:34:02.561" level="INFO">Firefox driver log is always forced to to: /home/vadis/.nextcloud/iths/iths-projekt/SSRS-Drone-Launcher-Beta/test/manual/robot/results/geckodriver-5.log</msg>
<kw name="Capture Page Screenshot" library="SeleniumLibrary">
<doc>Takes a screenshot of the current page and embeds it into a log file.</doc>
<msg timestamp="20200416 14:34:04.142" level="INFO" html="yes">&lt;/td&gt;&lt;/tr&gt;&lt;tr&gt;&lt;td colspan="3"&gt;&lt;a href="selenium-screenshot-1.png"&gt;&lt;img src="selenium-screenshot-1.png" width="800px"&gt;&lt;/a&gt;</msg>
<status status="PASS" starttime="20200416 14:34:04.090" endtime="20200416 14:34:04.142"></status>
</kw>
<msg timestamp="20200416 14:34:04.143" level="FAIL">WebDriverException: Message: Reached error page: about:neterror?e=connectionFailure&amp;u=http%3A//192.168.0.4%3A5000/&amp;c=UTF-8&amp;f=regular&amp;d=Firefox%20can%E2%80%99t%20establish%20a%20connection%20to%20the%20server%20at%20192.168.0.4%3A5000.
</msg>
<status status="FAIL" starttime="20200416 14:34:02.560" endtime="20200416 14:34:04.143"></status>
</kw>
<status status="FAIL" starttime="20200416 14:34:02.557" endtime="20200416 14:34:04.143"></status>
</kw>
<kw name="End Web Test" type="teardown">
<kw name="Terminate Process" library="Process">
<doc>Stops the process gracefully or forcefully.</doc>
<msg timestamp="20200416 14:34:04.143" level="INFO">Gracefully terminating process.</msg>
<msg timestamp="20200416 14:34:04.144" level="INFO">Process completed.</msg>
<status status="PASS" starttime="20200416 14:34:04.143" endtime="20200416 14:34:04.144"></status>
</kw>
<kw name="Close Browser" library="SeleniumLibrary">
<doc>Closes the current browser.</doc>
<status status="PASS" starttime="20200416 14:34:04.144" endtime="20200416 14:34:05.726"></status>
</kw>
<status status="PASS" starttime="20200416 14:34:04.143" endtime="20200416 14:34:05.727"></status>
</kw>
<doc>Clicking the pitch up button</doc>
<tags>
<tag>pitch_up</tag>
</tags>
<status status="FAIL" starttime="20200416 14:34:02.557" endtime="20200416 14:34:05.727" critical="yes">Setup failed:
WebDriverException: Message: Reached error page: about:neterror?e=connectionFailure&amp;u=http%3A//192.168.0.4%3A5000/&amp;c=UTF-8&amp;f=regular&amp;d=Firefox%20can%E2%80%99t%20establish%20a%20connection%20to%20the%20server%20at%20192.168.0.4%3A5000.
</status>
</test>
<test id="s1-t2" name="Pitch Down">
<kw name="Begin Web Test" type="setup">
<kw name="Start Process" library="Process">
<doc>Starts a new process on background.</doc>
<arguments>
<arg>./ssrs1_daniel_start_server.sh</arg>
<arg>shell=yes</arg>
</arguments>
<msg timestamp="20200416 14:34:05.728" level="INFO">Starting process:
./ssrs1_daniel_start_server.sh</msg>
<status status="PASS" starttime="20200416 14:34:05.728" endtime="20200416 14:34:05.730"></status>
</kw>
<kw name="Open Browser" library="SeleniumLibrary">
<doc>Opens a new browser instance to the optional ``url``.</doc>
<arguments>
<arg>${URL}</arg>
<arg>${BROWSER}</arg>
</arguments>
<msg timestamp="20200416 14:34:05.731" level="INFO">Opening browser 'firefox' to base url 'http://192.168.0.4:5000'.</msg>
<msg timestamp="20200416 14:34:05.731" level="INFO">Firefox driver log is always forced to to: /home/vadis/.nextcloud/iths/iths-projekt/SSRS-Drone-Launcher-Beta/test/manual/robot/results/geckodriver-6.log</msg>
<kw name="Capture Page Screenshot" library="SeleniumLibrary">
<doc>Takes a screenshot of the current page and embeds it into a log file.</doc>
<msg timestamp="20200416 14:34:08.301" level="INFO" html="yes">&lt;/td&gt;&lt;/tr&gt;&lt;tr&gt;&lt;td colspan="3"&gt;&lt;a href="selenium-screenshot-2.png"&gt;&lt;img src="selenium-screenshot-2.png" width="800px"&gt;&lt;/a&gt;</msg>
<status status="PASS" starttime="20200416 14:34:08.251" endtime="20200416 14:34:08.301"></status>
</kw>
<msg timestamp="20200416 14:34:08.301" level="FAIL">WebDriverException: Message: Reached error page: about:neterror?e=connectionFailure&amp;u=http%3A//192.168.0.4%3A5000/&amp;c=UTF-8&amp;f=regular&amp;d=Firefox%20can%E2%80%99t%20establish%20a%20connection%20to%20the%20server%20at%20192.168.0.4%3A5000.
</msg>
<status status="FAIL" starttime="20200416 14:34:05.730" endtime="20200416 14:34:08.301"></status>
</kw>
<status status="FAIL" starttime="20200416 14:34:05.727" endtime="20200416 14:34:08.301"></status>
</kw>
<kw name="End Web Test" type="teardown">
<kw name="Terminate Process" library="Process">
<doc>Stops the process gracefully or forcefully.</doc>
<msg timestamp="20200416 14:34:08.302" level="INFO">Gracefully terminating process.</msg>
<msg timestamp="20200416 14:34:08.302" level="INFO">Process completed.</msg>
<status status="PASS" starttime="20200416 14:34:08.301" endtime="20200416 14:34:08.302"></status>
</kw>
<kw name="Close Browser" library="SeleniumLibrary">
<doc>Closes the current browser.</doc>
<status status="PASS" starttime="20200416 14:34:08.302" endtime="20200416 14:34:09.881"></status>
</kw>
<status status="PASS" starttime="20200416 14:34:08.301" endtime="20200416 14:34:09.881"></status>
</kw>
<doc>Clicking the pitch down button</doc>
<tags>
<tag>pitch_down</tag>
</tags>
<status status="FAIL" starttime="20200416 14:34:05.727" endtime="20200416 14:34:09.882" critical="yes">Setup failed:
WebDriverException: Message: Reached error page: about:neterror?e=connectionFailure&amp;u=http%3A//192.168.0.4%3A5000/&amp;c=UTF-8&amp;f=regular&amp;d=Firefox%20can%E2%80%99t%20establish%20a%20connection%20to%20the%20server%20at%20192.168.0.4%3A5000.
</status>
</test>
<test id="s1-t3" name="Pitch Value">
<kw name="Begin Web Test" type="setup">
<kw name="Start Process" library="Process">
<doc>Starts a new process on background.</doc>
<arguments>
<arg>./ssrs1_daniel_start_server.sh</arg>
<arg>shell=yes</arg>
</arguments>
<msg timestamp="20200416 14:34:09.883" level="INFO">Starting process:
./ssrs1_daniel_start_server.sh</msg>
<status status="PASS" starttime="20200416 14:34:09.883" endtime="20200416 14:34:09.886"></status>
</kw>
<kw name="Open Browser" library="SeleniumLibrary">
<doc>Opens a new browser instance to the optional ``url``.</doc>
<arguments>
<arg>${URL}</arg>
<arg>${BROWSER}</arg>
</arguments>
<msg timestamp="20200416 14:34:09.887" level="INFO">Opening browser 'firefox' to base url 'http://192.168.0.4:5000'.</msg>
<msg timestamp="20200416 14:34:09.887" level="INFO">Firefox driver log is always forced to to: /home/vadis/.nextcloud/iths/iths-projekt/SSRS-Drone-Launcher-Beta/test/manual/robot/results/geckodriver-7.log</msg>
<kw name="Capture Page Screenshot" library="SeleniumLibrary">
<doc>Takes a screenshot of the current page and embeds it into a log file.</doc>
<msg timestamp="20200416 14:34:12.476" level="INFO" html="yes">&lt;/td&gt;&lt;/tr&gt;&lt;tr&gt;&lt;td colspan="3"&gt;&lt;a href="selenium-screenshot-3.png"&gt;&lt;img src="selenium-screenshot-3.png" width="800px"&gt;&lt;/a&gt;</msg>
<status status="PASS" starttime="20200416 14:34:12.413" endtime="20200416 14:34:12.477"></status>
</kw>
<msg timestamp="20200416 14:34:12.477" level="FAIL">WebDriverException: Message: Reached error page: about:neterror?e=connectionFailure&amp;u=http%3A//192.168.0.4%3A5000/&amp;c=UTF-8&amp;f=regular&amp;d=Firefox%20can%E2%80%99t%20establish%20a%20connection%20to%20the%20server%20at%20192.168.0.4%3A5000.
</msg>
<status status="FAIL" starttime="20200416 14:34:09.886" endtime="20200416 14:34:12.477"></status>
</kw>
<status status="FAIL" starttime="20200416 14:34:09.883" endtime="20200416 14:34:12.477"></status>
</kw>
<kw name="End Web Test" type="teardown">
<kw name="Terminate Process" library="Process">
<doc>Stops the process gracefully or forcefully.</doc>
<msg timestamp="20200416 14:34:12.478" level="INFO">Gracefully terminating process.</msg>
<msg timestamp="20200416 14:34:12.479" level="INFO">Process completed.</msg>
<status status="PASS" starttime="20200416 14:34:12.478" endtime="20200416 14:34:12.479"></status>
</kw>
<kw name="Close Browser" library="SeleniumLibrary">
<doc>Closes the current browser.</doc>
<status status="PASS" starttime="20200416 14:34:12.479" endtime="20200416 14:34:14.023"></status>
</kw>
<status status="PASS" starttime="20200416 14:34:12.478" endtime="20200416 14:34:14.023"></status>
</kw>
<doc>Change pitch value then press GO!</doc>
<tags>
<tag>pitch_value</tag>
</tags>
<status status="FAIL" starttime="20200416 14:34:09.882" endtime="20200416 14:34:14.023" critical="yes">Setup failed:
WebDriverException: Message: Reached error page: about:neterror?e=connectionFailure&amp;u=http%3A//192.168.0.4%3A5000/&amp;c=UTF-8&amp;f=regular&amp;d=Firefox%20can%E2%80%99t%20establish%20a%20connection%20to%20the%20server%20at%20192.168.0.4%3A5000.
</status>
</test>
<test id="s1-t4" name="Another Test">
<kw name="Begin Web Test" type="setup">
<kw name="Start Process" library="Process">
<doc>Starts a new process on background.</doc>
<arguments>
<arg>./ssrs1_daniel_start_server.sh</arg>
<arg>shell=yes</arg>
</arguments>
<msg timestamp="20200416 14:34:14.025" level="INFO">Starting process:
./ssrs1_daniel_start_server.sh</msg>
<status status="PASS" starttime="20200416 14:34:14.024" endtime="20200416 14:34:14.027"></status>
</kw>
<kw name="Open Browser" library="SeleniumLibrary">
<doc>Opens a new browser instance to the optional ``url``.</doc>
<arguments>
<arg>${URL}</arg>
<arg>${BROWSER}</arg>
</arguments>
<msg timestamp="20200416 14:34:14.028" level="INFO">Opening browser 'firefox' to base url 'http://192.168.0.4:5000'.</msg>
<msg timestamp="20200416 14:34:14.028" level="INFO">Firefox driver log is always forced to to: /home/vadis/.nextcloud/iths/iths-projekt/SSRS-Drone-Launcher-Beta/test/manual/robot/results/geckodriver-8.log</msg>
<kw name="Capture Page Screenshot" library="SeleniumLibrary">
<doc>Takes a screenshot of the current page and embeds it into a log file.</doc>
<msg timestamp="20200416 14:34:16.633" level="INFO" html="yes">&lt;/td&gt;&lt;/tr&gt;&lt;tr&gt;&lt;td colspan="3"&gt;&lt;a href="selenium-screenshot-4.png"&gt;&lt;img src="selenium-screenshot-4.png" width="800px"&gt;&lt;/a&gt;</msg>
<status status="PASS" starttime="20200416 14:34:16.571" endtime="20200416 14:34:16.634"></status>
</kw>
<msg timestamp="20200416 14:34:16.634" level="FAIL">WebDriverException: Message: Reached error page: about:neterror?e=connectionFailure&amp;u=http%3A//192.168.0.4%3A5000/&amp;c=UTF-8&amp;f=regular&amp;d=Firefox%20can%E2%80%99t%20establish%20a%20connection%20to%20the%20server%20at%20192.168.0.4%3A5000.
</msg>
<status status="FAIL" starttime="20200416 14:34:14.028" endtime="20200416 14:34:16.634"></status>
</kw>
<status status="FAIL" starttime="20200416 14:34:14.024" endtime="20200416 14:34:16.634"></status>
</kw>
<kw name="End Web Test" type="teardown">
<kw name="Terminate Process" library="Process">
<doc>Stops the process gracefully or forcefully.</doc>
<msg timestamp="20200416 14:34:16.635" level="INFO">Gracefully terminating process.</msg>
<msg timestamp="20200416 14:34:16.635" level="INFO">Process completed.</msg>
<status status="PASS" starttime="20200416 14:34:16.635" endtime="20200416 14:34:16.635"></status>
</kw>
<kw name="Close Browser" library="SeleniumLibrary">
<doc>Closes the current browser.</doc>
<status status="PASS" starttime="20200416 14:34:16.636" endtime="20200416 14:34:18.196"></status>
</kw>
<status status="PASS" starttime="20200416 14:34:16.634" endtime="20200416 14:34:18.196"></status>
</kw>
<doc>Nonsens!</doc>
<tags>
<tag>nonsens</tag>
</tags>
<status status="FAIL" starttime="20200416 14:34:14.024" endtime="20200416 14:34:18.196" critical="yes">Setup failed:
WebDriverException: Message: Reached error page: about:neterror?e=connectionFailure&amp;u=http%3A//192.168.0.4%3A5000/&amp;c=UTF-8&amp;f=regular&amp;d=Firefox%20can%E2%80%99t%20establish%20a%20connection%20to%20the%20server%20at%20192.168.0.4%3A5000.
</status>
</test>
<doc>Global documentation</doc>
<status status="FAIL" starttime="20200416 14:34:02.458" endtime="20200416 14:34:18.197"></status>
</suite>
<statistics>
<total>
<stat pass="0" fail="4">Critical Tests</stat>
<stat pass="0" fail="4">All Tests</stat>
</total>
<tag>
<stat pass="0" fail="1">nonsens</stat>
<stat pass="0" fail="1">pitch_down</stat>
<stat pass="0" fail="1">pitch_up</stat>
<stat pass="0" fail="1">pitch_value</stat>
</tag>
<suite>
<stat pass="0" fail="4" id="s1" name="Ssrs1 Daniel">Ssrs1 Daniel</stat>
</suite>
</statistics>
<errors>
</errors>
</robot>
